Arguments: 
  /home/fabianomartins/.nvm/versions/node/v12.13.0/bin/node /usr/share/yarn/bin/yarn.js init

PATH: 
  /home/fabianomartins/.rvm/gems/ruby-2.1.2/bin:/home/fabianomartins/.rvm/gems/ruby-2.1.2@global/bin:/home/fabianomartins/.rvm/rubies/ruby-2.1.2/bin:/home/fabianomartins/.nvm/versions/node/v12.13.0/bin:/home/fabianomartins/.sdkman/candidates/java/current/bin:/home/fabianomartins/.sdkman/candidates/groovy/current/bin:/home/fabianomartins/.sdkman/candidates/grails/current/bin:/home/fabianomartins/.sdkman/candidates/ant/current/bin:/usr/local/sbin:/usr/local/bin:/usr/sbin:/usr/bin:/sbin:/bin:/usr/games:/usr/local/games:/snap/bin:/usr/local/go/bin:/home/fabianomartins/work/bin:/home/fabianomartins/.local/bin:/home/fabianomartins/bin:/home/fabianomartins/.local/anaconda//bin:/home/fabianomartins/.rvm/bin:/opt/mspgcc-4.7.3/bin

Yarn version: 
  1.13.0-20181121.1436

Node version: 
  12.13.0

Platform: 
  linux x64

Trace: 
  Error: canceled
      at Interface.<anonymous> (/usr/share/yarn/lib/cli.js:125497:13)
      at Interface.emit (events.js:210:5)
      at Interface._ttyWrite (readline.js:887:16)
      at ReadStream.onkeypress (readline.js:191:10)
      at ReadStream.emit (events.js:210:5)
      at emitKeys (internal/readline/utils.js:433:14)
      at emitKeys.next (<anonymous>)
      at ReadStream.onData (readline.js:1153:36)
      at ReadStream.emit (events.js:210:5)
      at addChunk (_stream_readable.js:308:12)

npm manifest: 
  No manifest

yarn manifest: 
  No manifest

Lockfile: 
  No lockfile
